{
"/Kamlesh/Projects/CodeProjects/ionic/HOSampleService/auth/auth.js":{"path":"/Kamlesh/Projects/CodeProjects/ionic/HOSampleService/auth/auth.js","s":{"1":1,"2":1,"3":2,"4":1,"5":1},"b":{"1":[1,1],"2":[2,2]},"f":{"1":2},"fnMap":{"1":{"name":"authenticated","line":25,"loc":{"start":{"line":25,"column":17},"end":{"line":25,"column":56}}}},"statementMap":{"1":{"start":{"line":16,"column":0},"end":{"line":16,"column":59}},"2":{"start":{"line":25,"column":0},"end":{"line":31,"column":2}},"3":{"start":{"line":26,"column":2},"end":{"line":30,"column":3}},"4":{"start":{"line":27,"column":4},"end":{"line":27,"column":33}},"5":{"start":{"line":29,"column":4},"end":{"line":29,"column":11}}},"branchMap":{"1":{"line":26,"type":"if","locations":[{"start":{"line":26,"column":2},"end":{"line":26,"column":2}},{"start":{"line":26,"column":2},"end":{"line":26,"column":2}}]},"2":{"line":26,"type":"binary-expr","locations":[{"start":{"line":26,"column":6},"end":{"line":26,"column":17}},{"start":{"line":26,"column":21},"end":{"line":26,"column":47}}]}},"l":{"16":1,"25":1,"26":2,"27":1,"29":1}},
"/Kamlesh/Projects/CodeProjects/ionic/HOSampleService/common-errors/common-error.js":{"path":"/Kamlesh/Projects/CodeProjects/ionic/HOSampleService/common-errors/common-error.js","s":{"1":1,"2":5,"3":5,"4":1,"5":1,"6":1,"7":3,"8":3,"9":1,"10":1,"11":1,"12":1,"13":1,"14":1,"15":1,"16":1,"17":3,"18":3,"19":1,"20":1,"21":1,"22":1,"23":1,"24":1,"25":1,"26":1,"27":0,"28":0,"29":1,"30":1,"31":1,"32":4,"33":4,"34":1,"35":1,"36":1,"37":4,"38":4,"39":1,"40":1,"41":1,"42":2,"43":2,"44":1,"45":1,"46":1,"47":2,"48":2,"49":1,"50":1,"51":1,"52":1,"53":1,"54":1,"55":1,"56":1,"57":1,"58":1,"59":1,"60":1,"61":1,"62":0,"63":0,"64":1,"65":1,"66":1},"b":{"1":[5,5],"2":[3,3],"3":[1,1],"4":[3,3],"5":[1,1],"6":[0,0],"7":[4,4],"8":[4,4],"9":[2,2],"10":[2,2],"11":[1,1],"12":[1,1],"13":[0,0]},"f":{"1":5,"2":3,"3":1,"4":3,"5":1,"6":0,"7":4,"8":4,"9":2,"10":2,"11":1,"12":1,"13":0},"fnMap":{"1":{"name":"BadRequestError","line":26,"loc":{"start":{"line":26,"column":0},"end":{"line":26,"column":38}}},"2":{"name":"AuthError","line":44,"loc":{"start":{"line":44,"column":0},"end":{"line":44,"column":32}}},"3":{"name":"ForbiddenError","line":62,"loc":{"start":{"line":62,"column":0},"end":{"line":62,"column":37}}},"4":{"name":"NotFoundError","line":80,"loc":{"start":{"line":80,"column":0},"end":{"line":80,"column":36}}},"5":{"name":"ConflictError","line":98,"loc":{"start":{"line":98,"column":0},"end":{"line":98,"column":36}}},"6":{"name":"AdminError","line":116,"loc":{"start":{"line":116,"column":0},"end":{"line":116,"column":33}}},"7":{"name":"MissingRequiredAttributesError","line":134,"loc":{"start":{"line":134,"column":0},"end":{"line":134,"column":53}}},"8":{"name":"UserNotFoundError","line":153,"loc":{"start":{"line":153,"column":0},"end":{"line":153,"column":40}}},"9":{"name":"UserSaveError","line":170,"loc":{"start":{"line":170,"column":0},"end":{"line":170,"column":36}}},"10":{"name":"UserFetchError","line":188,"loc":{"start":{"line":188,"column":0},"end":{"line":188,"column":37}}},"11":{"name":"UserListError","line":205,"loc":{"start":{"line":205,"column":0},"end":{"line":205,"column":36}}},"12":{"name":"UserExistsError","line":221,"loc":{"start":{"line":221,"column":0},"end":{"line":221,"column":38}}},"13":{"name":"InvalidTokenError","line":238,"loc":{"start":{"line":238,"column":0},"end":{"line":238,"column":40}}}},"statementMap":{"1":{"start":{"line":26,"column":0},"end":{"line":29,"column":1}},"2":{"start":{"line":27,"column":2},"end":{"line":27,"column":32}},"3":{"start":{"line":28,"column":2},"end":{"line":28,"column":49}},"4":{"start":{"line":30,"column":0},"end":{"line":30,"column":59}},"5":{"start":{"line":34,"column":0},"end":{"line":34,"column":56}},"6":{"start":{"line":44,"column":0},"end":{"line":47,"column":1}},"7":{"start":{"line":45,"column":2},"end":{"line":45,"column":26}},"8":{"start":{"line":46,"column":2},"end":{"line":46,"column":58}},"9":{"start":{"line":48,"column":0},"end":{"line":48,"column":53}},"10":{"start":{"line":52,"column":0},"end":{"line":52,"column":44}},"11":{"start":{"line":62,"column":0},"end":{"line":65,"column":1}},"12":{"start":{"line":63,"column":2},"end":{"line":63,"column":31}},"13":{"start":{"line":64,"column":2},"end":{"line":64,"column":76}},"14":{"start":{"line":66,"column":0},"end":{"line":66,"column":58}},"15":{"start":{"line":70,"column":0},"end":{"line":70,"column":54}},"16":{"start":{"line":80,"column":0},"end":{"line":83,"column":1}},"17":{"start":{"line":81,"column":2},"end":{"line":81,"column":30}},"18":{"start":{"line":82,"column":2},"end":{"line":82,"column":68}},"19":{"start":{"line":84,"column":0},"end":{"line":84,"column":57}},"20":{"start":{"line":88,"column":0},"end":{"line":88,"column":52}},"21":{"start":{"line":98,"column":0},"end":{"line":101,"column":1}},"22":{"start":{"line":99,"column":2},"end":{"line":99,"column":30}},"23":{"start":{"line":100,"column":2},"end":{"line":100,"column":67}},"24":{"start":{"line":102,"column":0},"end":{"line":102,"column":57}},"25":{"start":{"line":106,"column":0},"end":{"line":106,"column":52}},"26":{"start":{"line":116,"column":0},"end":{"line":119,"column":1}},"27":{"start":{"line":117,"column":2},"end":{"line":117,"column":27}},"28":{"start":{"line":118,"column":2},"end":{"line":118,"column":58}},"29":{"start":{"line":120,"column":0},"end":{"line":120,"column":63}},"30":{"start":{"line":124,"column":0},"end":{"line":124,"column":46}},"31":{"start":{"line":134,"column":0},"end":{"line":137,"column":1}},"32":{"start":{"line":135,"column":2},"end":{"line":135,"column":47}},"33":{"start":{"line":136,"column":2},"end":{"line":136,"column":69}},"34":{"start":{"line":138,"column":0},"end":{"line":139,"column":31}},"35":{"start":{"line":143,"column":0},"end":{"line":144,"column":36}},"36":{"start":{"line":153,"column":0},"end":{"line":156,"column":1}},"37":{"start":{"line":154,"column":4},"end":{"line":154,"column":36}},"38":{"start":{"line":155,"column":4},"end":{"line":155,"column":54}},"39":{"start":{"line":157,"column":0},"end":{"line":157,"column":71}},"40":{"start":{"line":161,"column":0},"end":{"line":161,"column":60}},"41":{"start":{"line":170,"column":0},"end":{"line":173,"column":1}},"42":{"start":{"line":171,"column":2},"end":{"line":171,"column":30}},"43":{"start":{"line":172,"column":2},"end":{"line":172,"column":59}},"44":{"start":{"line":174,"column":0},"end":{"line":174,"column":67}},"45":{"start":{"line":178,"column":0},"end":{"line":178,"column":52}},"46":{"start":{"line":188,"column":0},"end":{"line":191,"column":1}},"47":{"start":{"line":189,"column":2},"end":{"line":189,"column":31}},"48":{"start":{"line":190,"column":2},"end":{"line":190,"column":61}},"49":{"start":{"line":192,"column":0},"end":{"line":192,"column":68}},"50":{"start":{"line":196,"column":0},"end":{"line":196,"column":54}},"51":{"start":{"line":205,"column":0},"end":{"line":208,"column":1}},"52":{"start":{"line":206,"column":4},"end":{"line":206,"column":32}},"53":{"start":{"line":207,"column":4},"end":{"line":207,"column":63}},"54":{"start":{"line":209,"column":0},"end":{"line":209,"column":67}},"55":{"start":{"line":213,"column":0},"end":{"line":213,"column":52}},"56":{"start":{"line":221,"column":0},"end":{"line":224,"column":1}},"57":{"start":{"line":222,"column":2},"end":{"line":222,"column":32}},"58":{"start":{"line":223,"column":2},"end":{"line":223,"column":57}},"59":{"start":{"line":225,"column":0},"end":{"line":225,"column":67}},"60":{"start":{"line":229,"column":0},"end":{"line":229,"column":56}},"61":{"start":{"line":238,"column":0},"end":{"line":241,"column":1}},"62":{"start":{"line":239,"column":2},"end":{"line":239,"column":34}},"63":{"start":{"line":240,"column":2},"end":{"line":240,"column":62}},"64":{"start":{"line":243,"column":0},"end":{"line":243,"column":71}},"65":{"start":{"line":247,"column":0},"end":{"line":247,"column":60}},"66":{"start":{"line":254,"column":0},"end":{"line":285,"column":2}}},"branchMap":{"1":{"line":28,"type":"binary-expr","locations":[{"start":{"line":28,"column":18},"end":{"line":28,"column":29}},{"start":{"line":28,"column":33},"end":{"line":28,"column":47}}]},"2":{"line":46,"type":"binary-expr","locations":[{"start":{"line":46,"column":18},"end":{"line":46,"column":29}},{"start":{"line":46,"column":33},"end":{"line":46,"column":56}}]},"3":{"line":64,"type":"binary-expr","locations":[{"start":{"line":64,"column":18},"end":{"line":64,"column":29}},{"start":{"line":64,"column":33},"end":{"line":64,"column":74}}]},"4":{"line":82,"type":"binary-expr","locations":[{"start":{"line":82,"column":18},"end":{"line":82,"column":29}},{"start":{"line":82,"column":33},"end":{"line":82,"column":66}}]},"5":{"line":100,"type":"binary-expr","locations":[{"start":{"line":100,"column":18},"end":{"line":100,"column":29}},{"start":{"line":100,"column":33},"end":{"line":100,"column":65}}]},"6":{"line":118,"type":"binary-expr","locations":[{"start":{"line":118,"column":18},"end":{"line":118,"column":29}},{"start":{"line":118,"column":33},"end":{"line":118,"column":56}}]},"7":{"line":136,"type":"binary-expr","locations":[{"start":{"line":136,"column":18},"end":{"line":136,"column":29}},{"start":{"line":136,"column":33},"end":{"line":136,"column":67}}]},"8":{"line":155,"type":"binary-expr","locations":[{"start":{"line":155,"column":20},"end":{"line":155,"column":31}},{"start":{"line":155,"column":35},"end":{"line":155,"column":52}}]},"9":{"line":172,"type":"binary-expr","locations":[{"start":{"line":172,"column":18},"end":{"line":172,"column":29}},{"start":{"line":172,"column":33},"end":{"line":172,"column":57}}]},"10":{"line":190,"type":"binary-expr","locations":[{"start":{"line":190,"column":18},"end":{"line":190,"column":29}},{"start":{"line":190,"column":33},"end":{"line":190,"column":59}}]},"11":{"line":207,"type":"binary-expr","locations":[{"start":{"line":207,"column":20},"end":{"line":207,"column":31}},{"start":{"line":207,"column":35},"end":{"line":207,"column":61}}]},"12":{"line":223,"type":"binary-expr","locations":[{"start":{"line":223,"column":18},"end":{"line":223,"column":29}},{"start":{"line":223,"column":33},"end":{"line":223,"column":55}}]},"13":{"line":240,"type":"binary-expr","locations":[{"start":{"line":240,"column":18},"end":{"line":240,"column":29}},{"start":{"line":240,"column":33},"end":{"line":240,"column":60}}]}},"l":{"26":1,"27":5,"28":5,"30":1,"34":1,"44":1,"45":3,"46":3,"48":1,"52":1,"62":1,"63":1,"64":1,"66":1,"70":1,"80":1,"81":3,"82":3,"84":1,"88":1,"98":1,"99":1,"100":1,"102":1,"106":1,"116":1,"117":0,"118":0,"120":1,"124":1,"134":1,"135":4,"136":4,"138":1,"143":1,"153":1,"154":4,"155":4,"157":1,"161":1,"170":1,"171":2,"172":2,"174":1,"178":1,"188":1,"189":2,"190":2,"192":1,"196":1,"205":1,"206":1,"207":1,"209":1,"213":1,"221":1,"222":1,"223":1,"225":1,"229":1,"238":1,"239":0,"240":0,"243":1,"247":1,"254":1}},
"/Kamlesh/Projects/CodeProjects/ionic/HOSampleService/error/error.js":{"path":"/Kamlesh/Projects/CodeProjects/ionic/HOSampleService/error/error.js","s":{"1":1,"2":1,"3":9,"4":1,"5":9,"6":1,"7":8,"8":1,"9":7,"10":1,"11":6,"12":1,"13":5,"14":1,"15":4,"16":1,"17":3},"b":{"1":[1,8],"2":[9,7],"3":[1,8],"4":[1,7],"5":[1,6],"6":[1,5],"7":[1,4],"8":[1,3]},"f":{"1":9},"fnMap":{"1":{"name":"response","line":29,"loc":{"start":{"line":29,"column":17},"end":{"line":29,"column":56}}}},"statementMap":{"1":{"start":{"line":18,"column":0},"end":{"line":18,"column":59}},"2":{"start":{"line":29,"column":0},"end":{"line":55,"column":2}},"3":{"start":{"line":30,"column":2},"end":{"line":33,"column":3}},"4":{"start":{"line":32,"column":4},"end":{"line":32,"column":27}},"5":{"start":{"line":34,"column":2},"end":{"line":54,"column":3}},"6":{"start":{"line":35,"column":4},"end":{"line":35,"column":30}},"7":{"start":{"line":37,"column":7},"end":{"line":54,"column":3}},"8":{"start":{"line":38,"column":6},"end":{"line":38,"column":32}},"9":{"start":{"line":40,"column":7},"end":{"line":54,"column":3}},"10":{"start":{"line":41,"column":4},"end":{"line":41,"column":30}},"11":{"start":{"line":43,"column":7},"end":{"line":54,"column":3}},"12":{"start":{"line":44,"column":4},"end":{"line":44,"column":30}},"13":{"start":{"line":46,"column":7},"end":{"line":54,"column":3}},"14":{"start":{"line":47,"column":4},"end":{"line":47,"column":30}},"15":{"start":{"line":49,"column":7},"end":{"line":54,"column":3}},"16":{"start":{"line":50,"column":4},"end":{"line":50,"column":30}},"17":{"start":{"line":53,"column":4},"end":{"line":53,"column":55}}},"branchMap":{"1":{"line":30,"type":"if","locations":[{"start":{"line":30,"column":2},"end":{"line":30,"column":2}},{"start":{"line":30,"column":2},"end":{"line":30,"column":2}}]},"2":{"line":30,"type":"binary-expr","locations":[{"start":{"line":30,"column":6},"end":{"line":30,"column":9}},{"start":{"line":30,"column":13},"end":{"line":30,"column":22}}]},"3":{"line":34,"type":"if","locations":[{"start":{"line":34,"column":2},"end":{"line":34,"column":2}},{"start":{"line":34,"column":2},"end":{"line":34,"column":2}}]},"4":{"line":37,"type":"if","locations":[{"start":{"line":37,"column":7},"end":{"line":37,"column":7}},{"start":{"line":37,"column":7},"end":{"line":37,"column":7}}]},"5":{"line":40,"type":"if","locations":[{"start":{"line":40,"column":7},"end":{"line":40,"column":7}},{"start":{"line":40,"column":7},"end":{"line":40,"column":7}}]},"6":{"line":43,"type":"if","locations":[{"start":{"line":43,"column":7},"end":{"line":43,"column":7}},{"start":{"line":43,"column":7},"end":{"line":43,"column":7}}]},"7":{"line":46,"type":"if","locations":[{"start":{"line":46,"column":7},"end":{"line":46,"column":7}},{"start":{"line":46,"column":7},"end":{"line":46,"column":7}}]},"8":{"line":49,"type":"if","locations":[{"start":{"line":49,"column":7},"end":{"line":49,"column":7}},{"start":{"line":49,"column":7},"end":{"line":49,"column":7}}]}},"l":{"18":1,"29":1,"30":9,"32":1,"34":9,"35":1,"37":8,"38":1,"40":7,"41":1,"43":6,"44":1,"46":5,"47":1,"49":4,"50":1,"53":3}},
"/Kamlesh/Projects/CodeProjects/ionic/HOSampleService/schema/todo.js":{"path":"/Kamlesh/Projects/CodeProjects/ionic/HOSampleService/schema/todo.js","s":{"1":1,"2":1,"3":1,"4":1,"5":1,"6":1,"7":1},"b":{},"f":{},"fnMap":{},"statementMap":{"1":{"start":{"line":13,"column":0},"end":{"line":13,"column":35}},"2":{"start":{"line":14,"column":0},"end":{"line":14,"column":55}},"3":{"start":{"line":15,"column":0},"end":{"line":15,"column":29}},"4":{"start":{"line":22,"column":0},"end":{"line":31,"column":3}},"5":{"start":{"line":40,"column":0},"end":{"line":40,"column":29}},"6":{"start":{"line":43,"column":0},"end":{"line":43,"column":38}},"7":{"start":{"line":50,"column":0},"end":{"line":50,"column":52}}},"branchMap":{},"l":{"13":1,"14":1,"15":1,"22":1,"40":1,"43":1,"50":1}},
"/Kamlesh/Projects/CodeProjects/ionic/HOSampleService/schema/user.js":{"path":"/Kamlesh/Projects/CodeProjects/ionic/HOSampleService/schema/user.js","s":{"1":1,"2":1,"3":1,"4":1,"5":1,"6":1,"7":1},"b":{},"f":{},"fnMap":{},"statementMap":{"1":{"start":{"line":13,"column":0},"end":{"line":13,"column":35}},"2":{"start":{"line":14,"column":0},"end":{"line":14,"column":55}},"3":{"start":{"line":15,"column":0},"end":{"line":15,"column":29}},"4":{"start":{"line":22,"column":0},"end":{"line":31,"column":3}},"5":{"start":{"line":38,"column":0},"end":{"line":38,"column":29}},"6":{"start":{"line":41,"column":0},"end":{"line":41,"column":38}},"7":{"start":{"line":48,"column":0},"end":{"line":48,"column":52}}},"branchMap":{},"l":{"13":1,"14":1,"15":1,"22":1,"38":1,"41":1,"48":1}},
"/Kamlesh/Projects/CodeProjects/ionic/HOSampleService/success/success.js":{"path":"/Kamlesh/Projects/CodeProjects/ionic/HOSampleService/success/success.js","s":{"1":1,"2":1,"3":3,"4":1,"5":2,"6":1,"7":1},"b":{"1":[1,2],"2":[3,3],"3":[1,1],"4":[2,2,2]},"f":{"1":3},"fnMap":{"1":{"name":"successHandler","line":28,"loc":{"start":{"line":28,"column":17},"end":{"line":28,"column":57}}}},"statementMap":{"1":{"start":{"line":18,"column":0},"end":{"line":18,"column":59}},"2":{"start":{"line":28,"column":0},"end":{"line":41,"column":2}},"3":{"start":{"line":29,"column":2},"end":{"line":40,"column":3}},"4":{"start":{"line":30,"column":4},"end":{"line":30,"column":35}},"5":{"start":{"line":34,"column":7},"end":{"line":40,"column":3}},"6":{"start":{"line":36,"column":4},"end":{"line":36,"column":24}},"7":{"start":{"line":39,"column":4},"end":{"line":39,"column":37}}},"branchMap":{"1":{"line":29,"type":"if","locations":[{"start":{"line":29,"column":2},"end":{"line":29,"column":2}},{"start":{"line":29,"column":2},"end":{"line":29,"column":2}}]},"2":{"line":29,"type":"binary-expr","locations":[{"start":{"line":29,"column":6},"end":{"line":29,"column":9}},{"start":{"line":29,"column":13},"end":{"line":29,"column":21}}]},"3":{"line":34,"type":"if","locations":[{"start":{"line":34,"column":7},"end":{"line":34,"column":7}},{"start":{"line":34,"column":7},"end":{"line":34,"column":7}}]},"4":{"line":34,"type":"binary-expr","locations":[{"start":{"line":34,"column":11},"end":{"line":34,"column":14}},{"start":{"line":34,"column":18},"end":{"line":34,"column":28}},{"start":{"line":34,"column":32},"end":{"line":34,"column":45}}]}},"l":{"18":1,"28":1,"29":3,"30":1,"34":2,"36":1,"39":1}},
"/Kamlesh/Projects/CodeProjects/ionic/HOSampleService/users/user-controller.js":{"path":"/Kamlesh/Projects/CodeProjects/ionic/HOSampleService/users/user-controller.js","s":{"1":1,"2":1,"3":1,"4":1,"5":1,"6":1,"7":1,"8":5,"9":5,"10":2,"11":3,"12":3,"13":3,"14":3,"15":3,"16":3,"17":3,"18":3,"19":3,"20":3,"21":3,"22":1,"23":2,"24":2,"25":1,"26":1,"27":1,"28":1,"29":5,"30":2,"31":3,"32":3,"33":3,"34":1,"35":2,"36":2,"37":2,"38":2,"39":2,"40":1,"41":1,"42":1,"43":1,"44":2,"45":2,"46":1,"47":1,"48":1,"49":1,"50":2,"51":0,"52":2,"53":2,"54":2,"55":1,"56":1,"57":1,"58":1,"59":3,"60":0,"61":3,"62":3,"63":3,"64":3,"65":1,"66":2,"67":1,"68":1,"69":1,"70":1},"b":{"1":[2,3],"2":[5,4],"3":[1,2],"4":[1,1],"5":[2,3],"6":[5,3,3],"7":[1,2],"8":[1,1],"9":[1,1],"10":[0,2],"11":[1,1],"12":[0,3],"13":[1,2],"14":[1,1]},"f":{"1":1,"2":5,"3":3,"4":2,"5":5,"6":3,"7":2,"8":2,"9":2,"10":2,"11":2,"12":3,"13":3},"fnMap":{"1":{"name":"UserController","line":27,"loc":{"start":{"line":27,"column":0},"end":{"line":27,"column":26}}},"2":{"name":"(anonymous_2)","line":38,"loc":{"start":{"line":38,"column":34},"end":{"line":38,"column":59}}},"3":{"name":"(anonymous_3)","line":56,"loc":{"start":{"line":56,"column":38},"end":{"line":56,"column":74}}},"4":{"name":"(anonymous_4)","line":64,"loc":{"start":{"line":64,"column":16},"end":{"line":64,"column":40}}},"5":{"name":"(anonymous_5)","line":85,"loc":{"start":{"line":85,"column":34},"end":{"line":85,"column":59}}},"6":{"name":"(anonymous_6)","line":91,"loc":{"start":{"line":91,"column":22},"end":{"line":91,"column":56}}},"7":{"name":"(anonymous_7)","line":102,"loc":{"start":{"line":102,"column":17},"end":{"line":102,"column":41}}},"8":{"name":"(anonymous_8)","line":120,"loc":{"start":{"line":120,"column":32},"end":{"line":120,"column":57}}},"9":{"name":"(anonymous_9)","line":122,"loc":{"start":{"line":122,"column":12},"end":{"line":122,"column":42}}},"10":{"name":"(anonymous_10)","line":138,"loc":{"start":{"line":138,"column":33},"end":{"line":138,"column":58}}},"11":{"name":"(anonymous_11)","line":147,"loc":{"start":{"line":147,"column":18},"end":{"line":147,"column":49}}},"12":{"name":"(anonymous_12)","line":163,"loc":{"start":{"line":163,"column":35},"end":{"line":163,"column":60}}},"13":{"name":"(anonymous_13)","line":173,"loc":{"start":{"line":173,"column":11},"end":{"line":173,"column":42}}}},"statementMap":{"1":{"start":{"line":15,"column":0},"end":{"line":15,"column":29}},"2":{"start":{"line":16,"column":0},"end":{"line":16,"column":29}},"3":{"start":{"line":17,"column":0},"end":{"line":17,"column":26}},"4":{"start":{"line":18,"column":0},"end":{"line":18,"column":46}},"5":{"start":{"line":19,"column":0},"end":{"line":19,"column":59}},"6":{"start":{"line":27,"column":0},"end":{"line":27,"column":28}},"7":{"start":{"line":38,"column":0},"end":{"line":74,"column":2}},"8":{"start":{"line":39,"column":2},"end":{"line":39,"column":24}},"9":{"start":{"line":41,"column":2},"end":{"line":43,"column":3}},"10":{"start":{"line":42,"column":4},"end":{"line":42,"column":61}},"11":{"start":{"line":45,"column":2},"end":{"line":45,"column":33}},"12":{"start":{"line":47,"column":2},"end":{"line":47,"column":30}},"13":{"start":{"line":48,"column":2},"end":{"line":48,"column":30}},"14":{"start":{"line":49,"column":2},"end":{"line":49,"column":30}},"15":{"start":{"line":50,"column":2},"end":{"line":50,"column":38}},"16":{"start":{"line":51,"column":2},"end":{"line":51,"column":36}},"17":{"start":{"line":52,"column":2},"end":{"line":52,"column":34}},"18":{"start":{"line":53,"column":2},"end":{"line":53,"column":23}},"19":{"start":{"line":54,"column":2},"end":{"line":54,"column":23}},"20":{"start":{"line":56,"column":2},"end":{"line":73,"column":5}},"21":{"start":{"line":61,"column":4},"end":{"line":72,"column":5}},"22":{"start":{"line":62,"column":6},"end":{"line":62,"column":41}},"23":{"start":{"line":64,"column":6},"end":{"line":71,"column":9}},"24":{"start":{"line":65,"column":8},"end":{"line":70,"column":9}},"25":{"start":{"line":66,"column":10},"end":{"line":66,"column":43}},"26":{"start":{"line":68,"column":10},"end":{"line":68,"column":26}},"27":{"start":{"line":69,"column":10},"end":{"line":69,"column":17}},"28":{"start":{"line":85,"column":0},"end":{"line":110,"column":2}},"29":{"start":{"line":86,"column":4},"end":{"line":88,"column":5}},"30":{"start":{"line":87,"column":8},"end":{"line":87,"column":65}},"31":{"start":{"line":90,"column":4},"end":{"line":90,"column":26}},"32":{"start":{"line":91,"column":4},"end":{"line":109,"column":7}},"33":{"start":{"line":93,"column":7},"end":{"line":95,"column":8}},"34":{"start":{"line":94,"column":12},"end":{"line":94,"column":56}},"35":{"start":{"line":97,"column":7},"end":{"line":97,"column":38}},"36":{"start":{"line":99,"column":7},"end":{"line":99,"column":32}},"37":{"start":{"line":100,"column":7},"end":{"line":100,"column":28}},"38":{"start":{"line":102,"column":7},"end":{"line":108,"column":11}},"39":{"start":{"line":103,"column":10},"end":{"line":105,"column":11}},"40":{"start":{"line":104,"column":15},"end":{"line":104,"column":55}},"41":{"start":{"line":106,"column":10},"end":{"line":106,"column":26}},"42":{"start":{"line":107,"column":10},"end":{"line":107,"column":17}},"43":{"start":{"line":120,"column":0},"end":{"line":129,"column":2}},"44":{"start":{"line":121,"column":4},"end":{"line":128,"column":11}},"45":{"start":{"line":123,"column":15},"end":{"line":125,"column":16}},"46":{"start":{"line":124,"column":18},"end":{"line":124,"column":58}},"47":{"start":{"line":126,"column":12},"end":{"line":126,"column":28}},"48":{"start":{"line":127,"column":12},"end":{"line":127,"column":19}},"49":{"start":{"line":138,"column":0},"end":{"line":154,"column":2}},"50":{"start":{"line":140,"column":4},"end":{"line":142,"column":5}},"51":{"start":{"line":141,"column":8},"end":{"line":141,"column":65}},"52":{"start":{"line":144,"column":4},"end":{"line":144,"column":27}},"53":{"start":{"line":145,"column":4},"end":{"line":153,"column":15}},"54":{"start":{"line":148,"column":23},"end":{"line":150,"column":24}},"55":{"start":{"line":149,"column":28},"end":{"line":149,"column":69}},"56":{"start":{"line":151,"column":18},"end":{"line":151,"column":34}},"57":{"start":{"line":152,"column":18},"end":{"line":152,"column":25}},"58":{"start":{"line":163,"column":0},"end":{"line":183,"column":2}},"59":{"start":{"line":165,"column":4},"end":{"line":167,"column":5}},"60":{"start":{"line":166,"column":8},"end":{"line":166,"column":65}},"61":{"start":{"line":169,"column":4},"end":{"line":169,"column":25}},"62":{"start":{"line":170,"column":4},"end":{"line":170,"column":20}},"63":{"start":{"line":172,"column":4},"end":{"line":182,"column":10}},"64":{"start":{"line":174,"column":11},"end":{"line":176,"column":12}},"65":{"start":{"line":175,"column":16},"end":{"line":175,"column":57}},"66":{"start":{"line":177,"column":11},"end":{"line":179,"column":12}},"67":{"start":{"line":178,"column":16},"end":{"line":178,"column":60}},"68":{"start":{"line":180,"column":11},"end":{"line":180,"column":27}},"69":{"start":{"line":181,"column":11},"end":{"line":181,"column":18}},"70":{"start":{"line":190,"column":0},"end":{"line":190,"column":38}}},"branchMap":{"1":{"line":41,"type":"if","locations":[{"start":{"line":41,"column":2},"end":{"line":41,"column":2}},{"start":{"line":41,"column":2},"end":{"line":41,"column":2}}]},"2":{"line":41,"type":"binary-expr","locations":[{"start":{"line":41,"column":6},"end":{"line":41,"column":21}},{"start":{"line":41,"column":25},"end":{"line":41,"column":40}}]},"3":{"line":61,"type":"if","locations":[{"start":{"line":61,"column":4},"end":{"line":61,"column":4}},{"start":{"line":61,"column":4},"end":{"line":61,"column":4}}]},"4":{"line":65,"type":"if","locations":[{"start":{"line":65,"column":8},"end":{"line":65,"column":8}},{"start":{"line":65,"column":8},"end":{"line":65,"column":8}}]},"5":{"line":86,"type":"if","locations":[{"start":{"line":86,"column":4},"end":{"line":86,"column":4}},{"start":{"line":86,"column":4},"end":{"line":86,"column":4}}]},"6":{"line":86,"type":"binary-expr","locations":[{"start":{"line":86,"column":8},"end":{"line":86,"column":21}},{"start":{"line":86,"column":25},"end":{"line":86,"column":40}},{"start":{"line":86,"column":44},"end":{"line":86,"column":59}}]},"7":{"line":93,"type":"if","locations":[{"start":{"line":93,"column":7},"end":{"line":93,"column":7}},{"start":{"line":93,"column":7},"end":{"line":93,"column":7}}]},"8":{"line":103,"type":"if","locations":[{"start":{"line":103,"column":10},"end":{"line":103,"column":10}},{"start":{"line":103,"column":10},"end":{"line":103,"column":10}}]},"9":{"line":123,"type":"if","locations":[{"start":{"line":123,"column":15},"end":{"line":123,"column":15}},{"start":{"line":123,"column":15},"end":{"line":123,"column":15}}]},"10":{"line":140,"type":"if","locations":[{"start":{"line":140,"column":4},"end":{"line":140,"column":4}},{"start":{"line":140,"column":4},"end":{"line":140,"column":4}}]},"11":{"line":148,"type":"if","locations":[{"start":{"line":148,"column":23},"end":{"line":148,"column":23}},{"start":{"line":148,"column":23},"end":{"line":148,"column":23}}]},"12":{"line":165,"type":"if","locations":[{"start":{"line":165,"column":4},"end":{"line":165,"column":4}},{"start":{"line":165,"column":4},"end":{"line":165,"column":4}}]},"13":{"line":174,"type":"if","locations":[{"start":{"line":174,"column":11},"end":{"line":174,"column":11}},{"start":{"line":174,"column":11},"end":{"line":174,"column":11}}]},"14":{"line":177,"type":"if","locations":[{"start":{"line":177,"column":11},"end":{"line":177,"column":11}},{"start":{"line":177,"column":11},"end":{"line":177,"column":11}}]}},"l":{"15":1,"16":1,"17":1,"18":1,"19":1,"27":1,"38":1,"39":5,"41":5,"42":2,"45":3,"47":3,"48":3,"49":3,"50":3,"51":3,"52":3,"53":3,"54":3,"56":3,"61":3,"62":1,"64":2,"65":2,"66":1,"68":1,"69":1,"85":1,"86":5,"87":2,"90":3,"91":3,"93":3,"94":1,"97":2,"99":2,"100":2,"102":2,"103":2,"104":1,"106":1,"107":1,"120":1,"121":2,"123":2,"124":1,"126":1,"127":1,"138":1,"140":2,"141":0,"144":2,"145":2,"148":2,"149":1,"151":1,"152":1,"163":1,"165":3,"166":0,"169":3,"170":3,"172":3,"174":3,"175":1,"177":2,"178":1,"180":1,"181":1,"190":1}},
"/Kamlesh/Projects/CodeProjects/ionic/HOSampleService/users/user.js":{"path":"/Kamlesh/Projects/CodeProjects/ionic/HOSampleService/users/user.js","s":{"1":1,"2":1},"b":{},"f":{},"fnMap":{},"statementMap":{"1":{"start":{"line":12,"column":0},"end":{"line":12,"column":36}},"2":{"start":{"line":14,"column":0},"end":{"line":14,"column":22}}},"branchMap":{},"l":{"12":1,"14":1}},
"/Kamlesh/Projects/CodeProjects/ionic/HOSampleService/utils/constants.js":{"path":"/Kamlesh/Projects/CodeProjects/ionic/HOSampleService/utils/constants.js","s":{"1":1,"2":1},"b":{},"f":{},"fnMap":{},"statementMap":{"1":{"start":{"line":16,"column":0},"end":{"line":23,"column":3}},"2":{"start":{"line":30,"column":0},"end":{"line":30,"column":27}}},"branchMap":{},"l":{"16":1,"30":1}},
"/Kamlesh/Projects/CodeProjects/ionic/HOSampleService/users/user-service.js":{"path":"/Kamlesh/Projects/CodeProjects/ionic/HOSampleService/users/user-service.js","s":{"1":1,"2":1,"3":1,"4":1,"5":1,"6":1,"7":1,"8":1,"9":1,"10":1,"11":1},"b":{},"f":{"1":1,"2":1,"3":1,"4":1,"5":1},"fnMap":{"1":{"name":"(anonymous_1)","line":26,"loc":{"start":{"line":26,"column":24},"end":{"line":26,"column":49}}},"2":{"name":"(anonymous_2)","line":38,"loc":{"start":{"line":38,"column":25},"end":{"line":38,"column":50}}},"3":{"name":"(anonymous_3)","line":50,"loc":{"start":{"line":50,"column":24},"end":{"line":50,"column":49}}},"4":{"name":"(anonymous_4)","line":61,"loc":{"start":{"line":61,"column":22},"end":{"line":61,"column":47}}},"5":{"name":"(anonymous_5)","line":72,"loc":{"start":{"line":72,"column":23},"end":{"line":72,"column":48}}}},"statementMap":{"1":{"start":{"line":16,"column":0},"end":{"line":16,"column":50}},"2":{"start":{"line":26,"column":0},"end":{"line":28,"column":2}},"3":{"start":{"line":27,"column":2},"end":{"line":27,"column":40}},"4":{"start":{"line":38,"column":0},"end":{"line":40,"column":2}},"5":{"start":{"line":39,"column":2},"end":{"line":39,"column":41}},"6":{"start":{"line":50,"column":0},"end":{"line":52,"column":2}},"7":{"start":{"line":51,"column":2},"end":{"line":51,"column":40}},"8":{"start":{"line":61,"column":0},"end":{"line":63,"column":2}},"9":{"start":{"line":62,"column":4},"end":{"line":62,"column":40}},"10":{"start":{"line":72,"column":0},"end":{"line":74,"column":2}},"11":{"start":{"line":73,"column":4},"end":{"line":73,"column":41}}},"branchMap":{},"l":{"16":1,"26":1,"27":1,"38":1,"39":1,"50":1,"51":1,"61":1,"62":1,"72":1,"73":1}}}
