{
"/Kamlesh/Projects/CodeProjects/kamyGIT/SampleService/auth/auth.js":{"path":"/Kamlesh/Projects/CodeProjects/kamyGIT/SampleService/auth/auth.js","s":{"1":1,"2":1,"3":2,"4":1,"5":1},"b":{"1":[1,1],"2":[2,2]},"f":{"1":2},"fnMap":{"1":{"name":"authenticated","line":25,"loc":{"start":{"line":25,"column":17},"end":{"line":25,"column":56}}}},"statementMap":{"1":{"start":{"line":16,"column":0},"end":{"line":16,"column":59}},"2":{"start":{"line":25,"column":0},"end":{"line":31,"column":2}},"3":{"start":{"line":26,"column":2},"end":{"line":30,"column":3}},"4":{"start":{"line":27,"column":4},"end":{"line":27,"column":33}},"5":{"start":{"line":29,"column":4},"end":{"line":29,"column":11}}},"branchMap":{"1":{"line":26,"type":"if","locations":[{"start":{"line":26,"column":2},"end":{"line":26,"column":2}},{"start":{"line":26,"column":2},"end":{"line":26,"column":2}}]},"2":{"line":26,"type":"binary-expr","locations":[{"start":{"line":26,"column":6},"end":{"line":26,"column":17}},{"start":{"line":26,"column":21},"end":{"line":26,"column":47}}]}},"l":{"16":1,"25":1,"26":2,"27":1,"29":1}},
"/Kamlesh/Projects/CodeProjects/kamyGIT/SampleService/common-errors/common-error.js":{"path":"/Kamlesh/Projects/CodeProjects/kamyGIT/SampleService/common-errors/common-error.js","s":{"1":1,"2":5,"3":5,"4":1,"5":1,"6":1,"7":4,"8":4,"9":1,"10":1,"11":1,"12":1,"13":1,"14":1,"15":1,"16":1,"17":3,"18":3,"19":1,"20":1,"21":1,"22":1,"23":1,"24":1,"25":1,"26":1,"27":0,"28":0,"29":1,"30":1,"31":1,"32":7,"33":7,"34":1,"35":1,"36":1,"37":5,"38":5,"39":1,"40":1,"41":1,"42":2,"43":2,"44":1,"45":1,"46":1,"47":3,"48":3,"49":1,"50":1,"51":1,"52":1,"53":1,"54":1,"55":1,"56":1,"57":1,"58":1,"59":1,"60":1,"61":1},"b":{"1":[5,5],"2":[4,3],"3":[1,1],"4":[3,3],"5":[1,1],"6":[0,0],"7":[7,7],"8":[5,5],"9":[2,2],"10":[3,3],"11":[1,1],"12":[1,1]},"f":{"1":5,"2":4,"3":1,"4":3,"5":1,"6":0,"7":7,"8":5,"9":2,"10":3,"11":1,"12":1},"fnMap":{"1":{"name":"BadRequestError","line":26,"loc":{"start":{"line":26,"column":0},"end":{"line":26,"column":38}}},"2":{"name":"AuthError","line":44,"loc":{"start":{"line":44,"column":0},"end":{"line":44,"column":32}}},"3":{"name":"ForbiddenError","line":62,"loc":{"start":{"line":62,"column":0},"end":{"line":62,"column":37}}},"4":{"name":"NotFoundError","line":80,"loc":{"start":{"line":80,"column":0},"end":{"line":80,"column":36}}},"5":{"name":"ConflictError","line":98,"loc":{"start":{"line":98,"column":0},"end":{"line":98,"column":36}}},"6":{"name":"AdminError","line":116,"loc":{"start":{"line":116,"column":0},"end":{"line":116,"column":33}}},"7":{"name":"MissingRequiredAttributesError","line":134,"loc":{"start":{"line":134,"column":0},"end":{"line":134,"column":53}}},"8":{"name":"UserNotFoundError","line":153,"loc":{"start":{"line":153,"column":0},"end":{"line":153,"column":40}}},"9":{"name":"UserSaveError","line":170,"loc":{"start":{"line":170,"column":0},"end":{"line":170,"column":36}}},"10":{"name":"UserFetchError","line":188,"loc":{"start":{"line":188,"column":0},"end":{"line":188,"column":37}}},"11":{"name":"UserListError","line":205,"loc":{"start":{"line":205,"column":0},"end":{"line":205,"column":36}}},"12":{"name":"UserExistsError","line":221,"loc":{"start":{"line":221,"column":0},"end":{"line":221,"column":38}}}},"statementMap":{"1":{"start":{"line":26,"column":0},"end":{"line":29,"column":1}},"2":{"start":{"line":27,"column":2},"end":{"line":27,"column":32}},"3":{"start":{"line":28,"column":2},"end":{"line":28,"column":49}},"4":{"start":{"line":30,"column":0},"end":{"line":30,"column":59}},"5":{"start":{"line":34,"column":0},"end":{"line":34,"column":56}},"6":{"start":{"line":44,"column":0},"end":{"line":47,"column":1}},"7":{"start":{"line":45,"column":2},"end":{"line":45,"column":26}},"8":{"start":{"line":46,"column":2},"end":{"line":46,"column":58}},"9":{"start":{"line":48,"column":0},"end":{"line":48,"column":53}},"10":{"start":{"line":52,"column":0},"end":{"line":52,"column":44}},"11":{"start":{"line":62,"column":0},"end":{"line":65,"column":1}},"12":{"start":{"line":63,"column":2},"end":{"line":63,"column":31}},"13":{"start":{"line":64,"column":2},"end":{"line":64,"column":76}},"14":{"start":{"line":66,"column":0},"end":{"line":66,"column":58}},"15":{"start":{"line":70,"column":0},"end":{"line":70,"column":54}},"16":{"start":{"line":80,"column":0},"end":{"line":83,"column":1}},"17":{"start":{"line":81,"column":2},"end":{"line":81,"column":30}},"18":{"start":{"line":82,"column":2},"end":{"line":82,"column":68}},"19":{"start":{"line":84,"column":0},"end":{"line":84,"column":57}},"20":{"start":{"line":88,"column":0},"end":{"line":88,"column":52}},"21":{"start":{"line":98,"column":0},"end":{"line":101,"column":1}},"22":{"start":{"line":99,"column":2},"end":{"line":99,"column":30}},"23":{"start":{"line":100,"column":2},"end":{"line":100,"column":67}},"24":{"start":{"line":102,"column":0},"end":{"line":102,"column":57}},"25":{"start":{"line":106,"column":0},"end":{"line":106,"column":52}},"26":{"start":{"line":116,"column":0},"end":{"line":119,"column":1}},"27":{"start":{"line":117,"column":2},"end":{"line":117,"column":27}},"28":{"start":{"line":118,"column":2},"end":{"line":118,"column":58}},"29":{"start":{"line":120,"column":0},"end":{"line":120,"column":63}},"30":{"start":{"line":124,"column":0},"end":{"line":124,"column":46}},"31":{"start":{"line":134,"column":0},"end":{"line":137,"column":1}},"32":{"start":{"line":135,"column":2},"end":{"line":135,"column":47}},"33":{"start":{"line":136,"column":2},"end":{"line":136,"column":69}},"34":{"start":{"line":138,"column":0},"end":{"line":139,"column":31}},"35":{"start":{"line":143,"column":0},"end":{"line":144,"column":36}},"36":{"start":{"line":153,"column":0},"end":{"line":156,"column":1}},"37":{"start":{"line":154,"column":4},"end":{"line":154,"column":36}},"38":{"start":{"line":155,"column":4},"end":{"line":155,"column":54}},"39":{"start":{"line":157,"column":0},"end":{"line":157,"column":71}},"40":{"start":{"line":161,"column":0},"end":{"line":161,"column":60}},"41":{"start":{"line":170,"column":0},"end":{"line":173,"column":1}},"42":{"start":{"line":171,"column":2},"end":{"line":171,"column":30}},"43":{"start":{"line":172,"column":2},"end":{"line":172,"column":59}},"44":{"start":{"line":174,"column":0},"end":{"line":174,"column":67}},"45":{"start":{"line":178,"column":0},"end":{"line":178,"column":52}},"46":{"start":{"line":188,"column":0},"end":{"line":191,"column":1}},"47":{"start":{"line":189,"column":2},"end":{"line":189,"column":31}},"48":{"start":{"line":190,"column":2},"end":{"line":190,"column":61}},"49":{"start":{"line":192,"column":0},"end":{"line":192,"column":68}},"50":{"start":{"line":196,"column":0},"end":{"line":196,"column":54}},"51":{"start":{"line":205,"column":0},"end":{"line":208,"column":1}},"52":{"start":{"line":206,"column":4},"end":{"line":206,"column":32}},"53":{"start":{"line":207,"column":4},"end":{"line":207,"column":63}},"54":{"start":{"line":209,"column":0},"end":{"line":209,"column":67}},"55":{"start":{"line":213,"column":0},"end":{"line":213,"column":52}},"56":{"start":{"line":221,"column":0},"end":{"line":224,"column":1}},"57":{"start":{"line":222,"column":2},"end":{"line":222,"column":32}},"58":{"start":{"line":223,"column":2},"end":{"line":223,"column":57}},"59":{"start":{"line":225,"column":0},"end":{"line":225,"column":67}},"60":{"start":{"line":229,"column":0},"end":{"line":229,"column":56}},"61":{"start":{"line":236,"column":0},"end":{"line":266,"column":2}}},"branchMap":{"1":{"line":28,"type":"binary-expr","locations":[{"start":{"line":28,"column":18},"end":{"line":28,"column":29}},{"start":{"line":28,"column":33},"end":{"line":28,"column":47}}]},"2":{"line":46,"type":"binary-expr","locations":[{"start":{"line":46,"column":18},"end":{"line":46,"column":29}},{"start":{"line":46,"column":33},"end":{"line":46,"column":56}}]},"3":{"line":64,"type":"binary-expr","locations":[{"start":{"line":64,"column":18},"end":{"line":64,"column":29}},{"start":{"line":64,"column":33},"end":{"line":64,"column":74}}]},"4":{"line":82,"type":"binary-expr","locations":[{"start":{"line":82,"column":18},"end":{"line":82,"column":29}},{"start":{"line":82,"column":33},"end":{"line":82,"column":66}}]},"5":{"line":100,"type":"binary-expr","locations":[{"start":{"line":100,"column":18},"end":{"line":100,"column":29}},{"start":{"line":100,"column":33},"end":{"line":100,"column":65}}]},"6":{"line":118,"type":"binary-expr","locations":[{"start":{"line":118,"column":18},"end":{"line":118,"column":29}},{"start":{"line":118,"column":33},"end":{"line":118,"column":56}}]},"7":{"line":136,"type":"binary-expr","locations":[{"start":{"line":136,"column":18},"end":{"line":136,"column":29}},{"start":{"line":136,"column":33},"end":{"line":136,"column":67}}]},"8":{"line":155,"type":"binary-expr","locations":[{"start":{"line":155,"column":20},"end":{"line":155,"column":31}},{"start":{"line":155,"column":35},"end":{"line":155,"column":52}}]},"9":{"line":172,"type":"binary-expr","locations":[{"start":{"line":172,"column":18},"end":{"line":172,"column":29}},{"start":{"line":172,"column":33},"end":{"line":172,"column":57}}]},"10":{"line":190,"type":"binary-expr","locations":[{"start":{"line":190,"column":18},"end":{"line":190,"column":29}},{"start":{"line":190,"column":33},"end":{"line":190,"column":59}}]},"11":{"line":207,"type":"binary-expr","locations":[{"start":{"line":207,"column":20},"end":{"line":207,"column":31}},{"start":{"line":207,"column":35},"end":{"line":207,"column":61}}]},"12":{"line":223,"type":"binary-expr","locations":[{"start":{"line":223,"column":18},"end":{"line":223,"column":29}},{"start":{"line":223,"column":33},"end":{"line":223,"column":55}}]}},"l":{"26":1,"27":5,"28":5,"30":1,"34":1,"44":1,"45":4,"46":4,"48":1,"52":1,"62":1,"63":1,"64":1,"66":1,"70":1,"80":1,"81":3,"82":3,"84":1,"88":1,"98":1,"99":1,"100":1,"102":1,"106":1,"116":1,"117":0,"118":0,"120":1,"124":1,"134":1,"135":7,"136":7,"138":1,"143":1,"153":1,"154":5,"155":5,"157":1,"161":1,"170":1,"171":2,"172":2,"174":1,"178":1,"188":1,"189":3,"190":3,"192":1,"196":1,"205":1,"206":1,"207":1,"209":1,"213":1,"221":1,"222":1,"223":1,"225":1,"229":1,"236":1}},
"/Kamlesh/Projects/CodeProjects/kamyGIT/SampleService/error/error.js":{"path":"/Kamlesh/Projects/CodeProjects/kamyGIT/SampleService/error/error.js","s":{"1":1,"2":1,"3":9,"4":1,"5":9,"6":1,"7":8,"8":1,"9":7,"10":1,"11":6,"12":1,"13":5,"14":1,"15":4,"16":1,"17":3},"b":{"1":[1,8],"2":[9,7],"3":[1,8],"4":[1,7],"5":[1,6],"6":[1,5],"7":[1,4],"8":[1,3]},"f":{"1":9},"fnMap":{"1":{"name":"response","line":29,"loc":{"start":{"line":29,"column":17},"end":{"line":29,"column":56}}}},"statementMap":{"1":{"start":{"line":18,"column":0},"end":{"line":18,"column":59}},"2":{"start":{"line":29,"column":0},"end":{"line":55,"column":2}},"3":{"start":{"line":30,"column":2},"end":{"line":33,"column":3}},"4":{"start":{"line":32,"column":4},"end":{"line":32,"column":27}},"5":{"start":{"line":34,"column":2},"end":{"line":54,"column":3}},"6":{"start":{"line":35,"column":4},"end":{"line":35,"column":30}},"7":{"start":{"line":37,"column":7},"end":{"line":54,"column":3}},"8":{"start":{"line":38,"column":6},"end":{"line":38,"column":32}},"9":{"start":{"line":40,"column":7},"end":{"line":54,"column":3}},"10":{"start":{"line":41,"column":4},"end":{"line":41,"column":30}},"11":{"start":{"line":43,"column":7},"end":{"line":54,"column":3}},"12":{"start":{"line":44,"column":4},"end":{"line":44,"column":30}},"13":{"start":{"line":46,"column":7},"end":{"line":54,"column":3}},"14":{"start":{"line":47,"column":4},"end":{"line":47,"column":30}},"15":{"start":{"line":49,"column":7},"end":{"line":54,"column":3}},"16":{"start":{"line":50,"column":4},"end":{"line":50,"column":30}},"17":{"start":{"line":53,"column":4},"end":{"line":53,"column":55}}},"branchMap":{"1":{"line":30,"type":"if","locations":[{"start":{"line":30,"column":2},"end":{"line":30,"column":2}},{"start":{"line":30,"column":2},"end":{"line":30,"column":2}}]},"2":{"line":30,"type":"binary-expr","locations":[{"start":{"line":30,"column":6},"end":{"line":30,"column":9}},{"start":{"line":30,"column":13},"end":{"line":30,"column":22}}]},"3":{"line":34,"type":"if","locations":[{"start":{"line":34,"column":2},"end":{"line":34,"column":2}},{"start":{"line":34,"column":2},"end":{"line":34,"column":2}}]},"4":{"line":37,"type":"if","locations":[{"start":{"line":37,"column":7},"end":{"line":37,"column":7}},{"start":{"line":37,"column":7},"end":{"line":37,"column":7}}]},"5":{"line":40,"type":"if","locations":[{"start":{"line":40,"column":7},"end":{"line":40,"column":7}},{"start":{"line":40,"column":7},"end":{"line":40,"column":7}}]},"6":{"line":43,"type":"if","locations":[{"start":{"line":43,"column":7},"end":{"line":43,"column":7}},{"start":{"line":43,"column":7},"end":{"line":43,"column":7}}]},"7":{"line":46,"type":"if","locations":[{"start":{"line":46,"column":7},"end":{"line":46,"column":7}},{"start":{"line":46,"column":7},"end":{"line":46,"column":7}}]},"8":{"line":49,"type":"if","locations":[{"start":{"line":49,"column":7},"end":{"line":49,"column":7}},{"start":{"line":49,"column":7},"end":{"line":49,"column":7}}]}},"l":{"18":1,"29":1,"30":9,"32":1,"34":9,"35":1,"37":8,"38":1,"40":7,"41":1,"43":6,"44":1,"46":5,"47":1,"49":4,"50":1,"53":3}},
"/Kamlesh/Projects/CodeProjects/kamyGIT/SampleService/schema/todo.js":{"path":"/Kamlesh/Projects/CodeProjects/kamyGIT/SampleService/schema/todo.js","s":{"1":1,"2":1,"3":1,"4":1,"5":1,"6":1,"7":1},"b":{},"f":{},"fnMap":{},"statementMap":{"1":{"start":{"line":13,"column":0},"end":{"line":13,"column":35}},"2":{"start":{"line":14,"column":0},"end":{"line":14,"column":55}},"3":{"start":{"line":15,"column":0},"end":{"line":15,"column":29}},"4":{"start":{"line":22,"column":0},"end":{"line":31,"column":3}},"5":{"start":{"line":40,"column":0},"end":{"line":40,"column":29}},"6":{"start":{"line":43,"column":0},"end":{"line":43,"column":38}},"7":{"start":{"line":50,"column":0},"end":{"line":50,"column":52}}},"branchMap":{},"l":{"13":1,"14":1,"15":1,"22":1,"40":1,"43":1,"50":1}},
"/Kamlesh/Projects/CodeProjects/kamyGIT/SampleService/schema/user.js":{"path":"/Kamlesh/Projects/CodeProjects/kamyGIT/SampleService/schema/user.js","s":{"1":1,"2":1,"3":1,"4":1,"5":1,"6":1,"7":1,"8":5,"9":5,"10":1,"11":1,"12":1,"13":1},"b":{},"f":{"1":5,"2":1},"fnMap":{"1":{"name":"(anonymous_1)","line":48,"loc":{"start":{"line":48,"column":34},"end":{"line":48,"column":53}}},"2":{"name":"(anonymous_2)","line":60,"loc":{"start":{"line":60,"column":35},"end":{"line":60,"column":54}}}},"statementMap":{"1":{"start":{"line":13,"column":0},"end":{"line":13,"column":38}},"2":{"start":{"line":14,"column":0},"end":{"line":14,"column":35}},"3":{"start":{"line":15,"column":0},"end":{"line":15,"column":55}},"4":{"start":{"line":16,"column":0},"end":{"line":16,"column":29}},"5":{"start":{"line":23,"column":0},"end":{"line":33,"column":3}},"6":{"start":{"line":40,"column":0},"end":{"line":40,"column":29}},"7":{"start":{"line":48,"column":0},"end":{"line":51,"column":2}},"8":{"start":{"line":49,"column":4},"end":{"line":49,"column":37}},"9":{"start":{"line":50,"column":4},"end":{"line":50,"column":43}},"10":{"start":{"line":60,"column":0},"end":{"line":62,"column":2}},"11":{"start":{"line":61,"column":4},"end":{"line":61,"column":59}},"12":{"start":{"line":67,"column":0},"end":{"line":67,"column":38}},"13":{"start":{"line":74,"column":0},"end":{"line":74,"column":52}}},"branchMap":{},"l":{"13":1,"14":1,"15":1,"16":1,"23":1,"40":1,"48":1,"49":5,"50":5,"60":1,"61":1,"67":1,"74":1}},
"/Kamlesh/Projects/CodeProjects/kamyGIT/SampleService/success/success.js":{"path":"/Kamlesh/Projects/CodeProjects/kamyGIT/SampleService/success/success.js","s":{"1":1,"2":1,"3":3,"4":1,"5":2,"6":1,"7":1},"b":{"1":[1,2],"2":[3,3],"3":[1,1],"4":[2,2,2]},"f":{"1":3},"fnMap":{"1":{"name":"successHandler","line":28,"loc":{"start":{"line":28,"column":17},"end":{"line":28,"column":57}}}},"statementMap":{"1":{"start":{"line":18,"column":0},"end":{"line":18,"column":59}},"2":{"start":{"line":28,"column":0},"end":{"line":41,"column":2}},"3":{"start":{"line":29,"column":2},"end":{"line":40,"column":3}},"4":{"start":{"line":30,"column":4},"end":{"line":30,"column":35}},"5":{"start":{"line":34,"column":7},"end":{"line":40,"column":3}},"6":{"start":{"line":36,"column":4},"end":{"line":36,"column":24}},"7":{"start":{"line":39,"column":4},"end":{"line":39,"column":37}}},"branchMap":{"1":{"line":29,"type":"if","locations":[{"start":{"line":29,"column":2},"end":{"line":29,"column":2}},{"start":{"line":29,"column":2},"end":{"line":29,"column":2}}]},"2":{"line":29,"type":"binary-expr","locations":[{"start":{"line":29,"column":6},"end":{"line":29,"column":9}},{"start":{"line":29,"column":13},"end":{"line":29,"column":21}}]},"3":{"line":34,"type":"if","locations":[{"start":{"line":34,"column":7},"end":{"line":34,"column":7}},{"start":{"line":34,"column":7},"end":{"line":34,"column":7}}]},"4":{"line":34,"type":"binary-expr","locations":[{"start":{"line":34,"column":11},"end":{"line":34,"column":14}},{"start":{"line":34,"column":18},"end":{"line":34,"column":28}},{"start":{"line":34,"column":32},"end":{"line":34,"column":45}}]}},"l":{"18":1,"28":1,"29":3,"30":1,"34":2,"36":1,"39":1}},
"/Kamlesh/Projects/CodeProjects/kamyGIT/SampleService/users/user-controller.js":{"path":"/Kamlesh/Projects/CodeProjects/kamyGIT/SampleService/users/user-controller.js","s":{"1":1,"2":1,"3":1,"4":1,"5":1,"6":1,"7":1,"8":6,"9":6,"10":3,"11":3,"12":3,"13":3,"14":3,"15":3,"16":3,"17":3,"18":3,"19":3,"20":3,"21":3,"22":3,"23":1,"24":2,"25":2,"26":1,"27":1,"28":1,"29":1,"30":5,"31":2,"32":3,"33":3,"34":3,"35":1,"36":2,"37":2,"38":2,"39":2,"40":2,"41":1,"42":1,"43":1,"44":1,"45":2,"46":2,"47":1,"48":1,"49":1,"50":1,"51":2,"52":0,"53":2,"54":2,"55":2,"56":1,"57":1,"58":1,"59":1,"60":3,"61":0,"62":3,"63":3,"64":3,"65":3,"66":1,"67":2,"68":1,"69":1,"70":1,"71":1,"72":6,"73":2,"74":4,"75":4,"76":1,"77":3,"78":1,"79":2,"80":1,"81":1,"82":1,"83":1,"84":0,"85":1,"86":0,"87":1},"b":{"1":[3,3],"2":[6,5,4],"3":[1,2],"4":[1,1],"5":[2,3],"6":[5,3,3],"7":[1,2],"8":[1,1],"9":[1,1],"10":[0,2],"11":[1,1],"12":[0,3],"13":[1,2],"14":[1,1],"15":[2,4],"16":[6,5],"17":[1,3],"18":[1,2],"19":[1,1],"20":[2,2]},"f":{"1":1,"2":6,"3":3,"4":2,"5":5,"6":3,"7":2,"8":2,"9":2,"10":2,"11":2,"12":3,"13":3,"14":6,"15":4,"16":0,"17":0},"fnMap":{"1":{"name":"UserController","line":27,"loc":{"start":{"line":27,"column":0},"end":{"line":27,"column":26}}},"2":{"name":"(anonymous_2)","line":38,"loc":{"start":{"line":38,"column":34},"end":{"line":38,"column":59}}},"3":{"name":"(anonymous_3)","line":57,"loc":{"start":{"line":57,"column":38},"end":{"line":57,"column":74}}},"4":{"name":"(anonymous_4)","line":65,"loc":{"start":{"line":65,"column":16},"end":{"line":65,"column":40}}},"5":{"name":"(anonymous_5)","line":86,"loc":{"start":{"line":86,"column":34},"end":{"line":86,"column":59}}},"6":{"name":"(anonymous_6)","line":92,"loc":{"start":{"line":92,"column":22},"end":{"line":92,"column":56}}},"7":{"name":"(anonymous_7)","line":103,"loc":{"start":{"line":103,"column":17},"end":{"line":103,"column":41}}},"8":{"name":"(anonymous_8)","line":121,"loc":{"start":{"line":121,"column":32},"end":{"line":121,"column":57}}},"9":{"name":"(anonymous_9)","line":123,"loc":{"start":{"line":123,"column":12},"end":{"line":123,"column":42}}},"10":{"name":"(anonymous_10)","line":139,"loc":{"start":{"line":139,"column":33},"end":{"line":139,"column":58}}},"11":{"name":"(anonymous_11)","line":148,"loc":{"start":{"line":148,"column":18},"end":{"line":148,"column":49}}},"12":{"name":"(anonymous_12)","line":164,"loc":{"start":{"line":164,"column":35},"end":{"line":164,"column":60}}},"13":{"name":"(anonymous_13)","line":174,"loc":{"start":{"line":174,"column":11},"end":{"line":174,"column":42}}},"14":{"name":"(anonymous_14)","line":195,"loc":{"start":{"line":195,"column":33},"end":{"line":195,"column":58}}},"15":{"name":"(anonymous_15)","line":203,"loc":{"start":{"line":203,"column":10},"end":{"line":203,"column":46}}},"16":{"name":"(anonymous_16)","line":231,"loc":{"start":{"line":231,"column":42},"end":{"line":231,"column":67}}},"17":{"name":"(anonymous_17)","line":244,"loc":{"start":{"line":244,"column":41},"end":{"line":244,"column":66}}}},"statementMap":{"1":{"start":{"line":15,"column":0},"end":{"line":15,"column":29}},"2":{"start":{"line":16,"column":0},"end":{"line":16,"column":29}},"3":{"start":{"line":17,"column":0},"end":{"line":17,"column":26}},"4":{"start":{"line":18,"column":0},"end":{"line":18,"column":46}},"5":{"start":{"line":19,"column":0},"end":{"line":19,"column":59}},"6":{"start":{"line":27,"column":0},"end":{"line":27,"column":28}},"7":{"start":{"line":38,"column":0},"end":{"line":75,"column":2}},"8":{"start":{"line":39,"column":2},"end":{"line":39,"column":24}},"9":{"start":{"line":41,"column":2},"end":{"line":43,"column":3}},"10":{"start":{"line":42,"column":4},"end":{"line":42,"column":61}},"11":{"start":{"line":45,"column":2},"end":{"line":45,"column":33}},"12":{"start":{"line":47,"column":2},"end":{"line":47,"column":30}},"13":{"start":{"line":48,"column":2},"end":{"line":48,"column":30}},"14":{"start":{"line":49,"column":2},"end":{"line":49,"column":30}},"15":{"start":{"line":50,"column":2},"end":{"line":50,"column":38}},"16":{"start":{"line":51,"column":2},"end":{"line":51,"column":36}},"17":{"start":{"line":52,"column":2},"end":{"line":52,"column":34}},"18":{"start":{"line":53,"column":2},"end":{"line":53,"column":59}},"19":{"start":{"line":54,"column":2},"end":{"line":54,"column":23}},"20":{"start":{"line":55,"column":2},"end":{"line":55,"column":23}},"21":{"start":{"line":57,"column":2},"end":{"line":74,"column":5}},"22":{"start":{"line":62,"column":4},"end":{"line":73,"column":5}},"23":{"start":{"line":63,"column":6},"end":{"line":63,"column":41}},"24":{"start":{"line":65,"column":6},"end":{"line":72,"column":9}},"25":{"start":{"line":66,"column":8},"end":{"line":71,"column":9}},"26":{"start":{"line":67,"column":10},"end":{"line":67,"column":43}},"27":{"start":{"line":69,"column":10},"end":{"line":69,"column":26}},"28":{"start":{"line":70,"column":10},"end":{"line":70,"column":17}},"29":{"start":{"line":86,"column":0},"end":{"line":111,"column":2}},"30":{"start":{"line":87,"column":4},"end":{"line":89,"column":5}},"31":{"start":{"line":88,"column":8},"end":{"line":88,"column":65}},"32":{"start":{"line":91,"column":4},"end":{"line":91,"column":26}},"33":{"start":{"line":92,"column":4},"end":{"line":110,"column":7}},"34":{"start":{"line":94,"column":7},"end":{"line":96,"column":8}},"35":{"start":{"line":95,"column":12},"end":{"line":95,"column":56}},"36":{"start":{"line":98,"column":7},"end":{"line":98,"column":38}},"37":{"start":{"line":100,"column":7},"end":{"line":100,"column":32}},"38":{"start":{"line":101,"column":7},"end":{"line":101,"column":28}},"39":{"start":{"line":103,"column":7},"end":{"line":109,"column":11}},"40":{"start":{"line":104,"column":10},"end":{"line":106,"column":11}},"41":{"start":{"line":105,"column":15},"end":{"line":105,"column":55}},"42":{"start":{"line":107,"column":10},"end":{"line":107,"column":26}},"43":{"start":{"line":108,"column":10},"end":{"line":108,"column":17}},"44":{"start":{"line":121,"column":0},"end":{"line":130,"column":2}},"45":{"start":{"line":122,"column":4},"end":{"line":129,"column":11}},"46":{"start":{"line":124,"column":15},"end":{"line":126,"column":16}},"47":{"start":{"line":125,"column":18},"end":{"line":125,"column":58}},"48":{"start":{"line":127,"column":12},"end":{"line":127,"column":28}},"49":{"start":{"line":128,"column":12},"end":{"line":128,"column":19}},"50":{"start":{"line":139,"column":0},"end":{"line":155,"column":2}},"51":{"start":{"line":141,"column":4},"end":{"line":143,"column":5}},"52":{"start":{"line":142,"column":8},"end":{"line":142,"column":65}},"53":{"start":{"line":145,"column":4},"end":{"line":145,"column":27}},"54":{"start":{"line":146,"column":4},"end":{"line":154,"column":15}},"55":{"start":{"line":149,"column":23},"end":{"line":151,"column":24}},"56":{"start":{"line":150,"column":28},"end":{"line":150,"column":69}},"57":{"start":{"line":152,"column":18},"end":{"line":152,"column":34}},"58":{"start":{"line":153,"column":18},"end":{"line":153,"column":25}},"59":{"start":{"line":164,"column":0},"end":{"line":184,"column":2}},"60":{"start":{"line":166,"column":4},"end":{"line":168,"column":5}},"61":{"start":{"line":167,"column":8},"end":{"line":167,"column":65}},"62":{"start":{"line":170,"column":4},"end":{"line":170,"column":25}},"63":{"start":{"line":171,"column":4},"end":{"line":171,"column":20}},"64":{"start":{"line":173,"column":4},"end":{"line":183,"column":10}},"65":{"start":{"line":175,"column":11},"end":{"line":177,"column":12}},"66":{"start":{"line":176,"column":16},"end":{"line":176,"column":57}},"67":{"start":{"line":178,"column":11},"end":{"line":180,"column":12}},"68":{"start":{"line":179,"column":16},"end":{"line":179,"column":60}},"69":{"start":{"line":181,"column":11},"end":{"line":181,"column":27}},"70":{"start":{"line":182,"column":11},"end":{"line":182,"column":18}},"71":{"start":{"line":195,"column":0},"end":{"line":221,"column":2}},"72":{"start":{"line":196,"column":4},"end":{"line":198,"column":5}},"73":{"start":{"line":197,"column":8},"end":{"line":197,"column":65}},"74":{"start":{"line":200,"column":4},"end":{"line":220,"column":13}},"75":{"start":{"line":205,"column":14},"end":{"line":207,"column":15}},"76":{"start":{"line":206,"column":16},"end":{"line":206,"column":57}},"77":{"start":{"line":209,"column":14},"end":{"line":211,"column":15}},"78":{"start":{"line":210,"column":16},"end":{"line":210,"column":60}},"79":{"start":{"line":213,"column":14},"end":{"line":216,"column":15}},"80":{"start":{"line":214,"column":16},"end":{"line":215,"column":85}},"81":{"start":{"line":218,"column":14},"end":{"line":218,"column":35}},"82":{"start":{"line":219,"column":14},"end":{"line":219,"column":21}},"83":{"start":{"line":231,"column":0},"end":{"line":234,"column":2}},"84":{"start":{"line":233,"column":4},"end":{"line":233,"column":19}},"85":{"start":{"line":244,"column":0},"end":{"line":247,"column":1}},"86":{"start":{"line":246,"column":4},"end":{"line":246,"column":19}},"87":{"start":{"line":254,"column":0},"end":{"line":254,"column":38}}},"branchMap":{"1":{"line":41,"type":"if","locations":[{"start":{"line":41,"column":2},"end":{"line":41,"column":2}},{"start":{"line":41,"column":2},"end":{"line":41,"column":2}}]},"2":{"line":41,"type":"binary-expr","locations":[{"start":{"line":41,"column":6},"end":{"line":41,"column":21}},{"start":{"line":41,"column":25},"end":{"line":41,"column":40}},{"start":{"line":41,"column":44},"end":{"line":41,"column":62}}]},"3":{"line":62,"type":"if","locations":[{"start":{"line":62,"column":4},"end":{"line":62,"column":4}},{"start":{"line":62,"column":4},"end":{"line":62,"column":4}}]},"4":{"line":66,"type":"if","locations":[{"start":{"line":66,"column":8},"end":{"line":66,"column":8}},{"start":{"line":66,"column":8},"end":{"line":66,"column":8}}]},"5":{"line":87,"type":"if","locations":[{"start":{"line":87,"column":4},"end":{"line":87,"column":4}},{"start":{"line":87,"column":4},"end":{"line":87,"column":4}}]},"6":{"line":87,"type":"binary-expr","locations":[{"start":{"line":87,"column":8},"end":{"line":87,"column":21}},{"start":{"line":87,"column":25},"end":{"line":87,"column":40}},{"start":{"line":87,"column":44},"end":{"line":87,"column":59}}]},"7":{"line":94,"type":"if","locations":[{"start":{"line":94,"column":7},"end":{"line":94,"column":7}},{"start":{"line":94,"column":7},"end":{"line":94,"column":7}}]},"8":{"line":104,"type":"if","locations":[{"start":{"line":104,"column":10},"end":{"line":104,"column":10}},{"start":{"line":104,"column":10},"end":{"line":104,"column":10}}]},"9":{"line":124,"type":"if","locations":[{"start":{"line":124,"column":15},"end":{"line":124,"column":15}},{"start":{"line":124,"column":15},"end":{"line":124,"column":15}}]},"10":{"line":141,"type":"if","locations":[{"start":{"line":141,"column":4},"end":{"line":141,"column":4}},{"start":{"line":141,"column":4},"end":{"line":141,"column":4}}]},"11":{"line":149,"type":"if","locations":[{"start":{"line":149,"column":23},"end":{"line":149,"column":23}},{"start":{"line":149,"column":23},"end":{"line":149,"column":23}}]},"12":{"line":166,"type":"if","locations":[{"start":{"line":166,"column":4},"end":{"line":166,"column":4}},{"start":{"line":166,"column":4},"end":{"line":166,"column":4}}]},"13":{"line":175,"type":"if","locations":[{"start":{"line":175,"column":11},"end":{"line":175,"column":11}},{"start":{"line":175,"column":11},"end":{"line":175,"column":11}}]},"14":{"line":178,"type":"if","locations":[{"start":{"line":178,"column":11},"end":{"line":178,"column":11}},{"start":{"line":178,"column":11},"end":{"line":178,"column":11}}]},"15":{"line":196,"type":"if","locations":[{"start":{"line":196,"column":4},"end":{"line":196,"column":4}},{"start":{"line":196,"column":4},"end":{"line":196,"column":4}}]},"16":{"line":196,"type":"binary-expr","locations":[{"start":{"line":196,"column":8},"end":{"line":196,"column":23}},{"start":{"line":196,"column":27},"end":{"line":196,"column":45}}]},"17":{"line":205,"type":"if","locations":[{"start":{"line":205,"column":14},"end":{"line":205,"column":14}},{"start":{"line":205,"column":14},"end":{"line":205,"column":14}}]},"18":{"line":209,"type":"if","locations":[{"start":{"line":209,"column":14},"end":{"line":209,"column":14}},{"start":{"line":209,"column":14},"end":{"line":209,"column":14}}]},"19":{"line":213,"type":"if","locations":[{"start":{"line":213,"column":14},"end":{"line":213,"column":14}},{"start":{"line":213,"column":14},"end":{"line":213,"column":14}}]},"20":{"line":213,"type":"binary-expr","locations":[{"start":{"line":213,"column":18},"end":{"line":213,"column":27}},{"start":{"line":213,"column":31},"end":{"line":213,"column":74}}]}},"l":{"15":1,"16":1,"17":1,"18":1,"19":1,"27":1,"38":1,"39":6,"41":6,"42":3,"45":3,"47":3,"48":3,"49":3,"50":3,"51":3,"52":3,"53":3,"54":3,"55":3,"57":3,"62":3,"63":1,"65":2,"66":2,"67":1,"69":1,"70":1,"86":1,"87":5,"88":2,"91":3,"92":3,"94":3,"95":1,"98":2,"100":2,"101":2,"103":2,"104":2,"105":1,"107":1,"108":1,"121":1,"122":2,"124":2,"125":1,"127":1,"128":1,"139":1,"141":2,"142":0,"145":2,"146":2,"149":2,"150":1,"152":1,"153":1,"164":1,"166":3,"167":0,"170":3,"171":3,"173":3,"175":3,"176":1,"178":2,"179":1,"181":1,"182":1,"195":1,"196":6,"197":2,"200":4,"205":4,"206":1,"209":3,"210":1,"213":2,"214":1,"218":1,"219":1,"231":1,"233":0,"244":1,"246":0,"254":1}},
"/Kamlesh/Projects/CodeProjects/kamyGIT/SampleService/users/user.js":{"path":"/Kamlesh/Projects/CodeProjects/kamyGIT/SampleService/users/user.js","s":{"1":1,"2":1},"b":{},"f":{},"fnMap":{},"statementMap":{"1":{"start":{"line":12,"column":0},"end":{"line":12,"column":36}},"2":{"start":{"line":14,"column":0},"end":{"line":14,"column":22}}},"branchMap":{},"l":{"12":1,"14":1}},
"/Kamlesh/Projects/CodeProjects/kamyGIT/SampleService/utils/constants.js":{"path":"/Kamlesh/Projects/CodeProjects/kamyGIT/SampleService/utils/constants.js","s":{"1":1,"2":1},"b":{},"f":{},"fnMap":{},"statementMap":{"1":{"start":{"line":16,"column":0},"end":{"line":23,"column":3}},"2":{"start":{"line":30,"column":0},"end":{"line":30,"column":27}}},"branchMap":{},"l":{"16":1,"30":1}},
"/Kamlesh/Projects/CodeProjects/kamyGIT/SampleService/users/user-service.js":{"path":"/Kamlesh/Projects/CodeProjects/kamyGIT/SampleService/users/user-service.js","s":{"1":1,"2":1,"3":1,"4":1,"5":1,"6":1,"7":1,"8":1,"9":1,"10":1,"11":1,"12":1,"13":0,"14":1,"15":0,"16":1,"17":0},"b":{},"f":{"1":1,"2":1,"3":1,"4":1,"5":1,"6":0,"7":0,"8":0},"fnMap":{"1":{"name":"(anonymous_1)","line":26,"loc":{"start":{"line":26,"column":24},"end":{"line":26,"column":49}}},"2":{"name":"(anonymous_2)","line":38,"loc":{"start":{"line":38,"column":25},"end":{"line":38,"column":50}}},"3":{"name":"(anonymous_3)","line":50,"loc":{"start":{"line":50,"column":24},"end":{"line":50,"column":49}}},"4":{"name":"(anonymous_4)","line":61,"loc":{"start":{"line":61,"column":22},"end":{"line":61,"column":47}}},"5":{"name":"(anonymous_5)","line":72,"loc":{"start":{"line":72,"column":23},"end":{"line":72,"column":48}}},"6":{"name":"(anonymous_6)","line":83,"loc":{"start":{"line":83,"column":23},"end":{"line":83,"column":48}}},"7":{"name":"(anonymous_7)","line":93,"loc":{"start":{"line":93,"column":32},"end":{"line":93,"column":57}}},"8":{"name":"(anonymous_8)","line":103,"loc":{"start":{"line":103,"column":31},"end":{"line":103,"column":56}}}},"statementMap":{"1":{"start":{"line":16,"column":0},"end":{"line":16,"column":50}},"2":{"start":{"line":26,"column":0},"end":{"line":28,"column":2}},"3":{"start":{"line":27,"column":2},"end":{"line":27,"column":40}},"4":{"start":{"line":38,"column":0},"end":{"line":40,"column":2}},"5":{"start":{"line":39,"column":2},"end":{"line":39,"column":41}},"6":{"start":{"line":50,"column":0},"end":{"line":52,"column":2}},"7":{"start":{"line":51,"column":2},"end":{"line":51,"column":40}},"8":{"start":{"line":61,"column":0},"end":{"line":63,"column":2}},"9":{"start":{"line":62,"column":4},"end":{"line":62,"column":40}},"10":{"start":{"line":72,"column":0},"end":{"line":74,"column":2}},"11":{"start":{"line":73,"column":4},"end":{"line":73,"column":41}},"12":{"start":{"line":83,"column":0},"end":{"line":85,"column":2}},"13":{"start":{"line":84,"column":4},"end":{"line":84,"column":41}},"14":{"start":{"line":93,"column":0},"end":{"line":95,"column":2}},"15":{"start":{"line":94,"column":4},"end":{"line":94,"column":50}},"16":{"start":{"line":103,"column":0},"end":{"line":105,"column":2}},"17":{"start":{"line":104,"column":4},"end":{"line":104,"column":49}}},"branchMap":{},"l":{"16":1,"26":1,"27":1,"38":1,"39":1,"50":1,"51":1,"61":1,"62":1,"72":1,"73":1,"83":1,"84":0,"93":1,"94":0,"103":1,"104":0}}}
