TN:
SF:/Kamlesh/Projects/CodeProjects/ionic/HOSampleService/auth/auth.js
FN:25,authenticated
FNF:1
FNH:1
FNDA:2,authenticated
DA:16,1
DA:25,1
DA:26,2
DA:27,1
DA:29,1
LF:5
LH:5
BRDA:26,1,0,1
BRDA:26,1,1,1
BRDA:26,2,0,2
BRDA:26,2,1,2
BRF:4
BRH:4
end_of_record
TN:
SF:/Kamlesh/Projects/CodeProjects/ionic/HOSampleService/common-errors/common-error.js
FN:26,BadRequestError
FN:44,AuthError
FN:62,ForbiddenError
FN:80,NotFoundError
FN:98,ConflictError
FN:116,AdminError
FN:134,MissingRequiredAttributesError
FN:153,UserNotFoundError
FN:170,UserSaveError
FN:188,UserFetchError
FN:205,UserListError
FN:221,UserExistsError
FN:238,InvalidTokenError
FNF:13
FNH:11
FNDA:5,BadRequestError
FNDA:3,AuthError
FNDA:1,ForbiddenError
FNDA:3,NotFoundError
FNDA:1,ConflictError
FNDA:0,AdminError
FNDA:4,MissingRequiredAttributesError
FNDA:4,UserNotFoundError
FNDA:2,UserSaveError
FNDA:2,UserFetchError
FNDA:1,UserListError
FNDA:1,UserExistsError
FNDA:0,InvalidTokenError
DA:26,1
DA:27,5
DA:28,5
DA:30,1
DA:34,1
DA:44,1
DA:45,3
DA:46,3
DA:48,1
DA:52,1
DA:62,1
DA:63,1
DA:64,1
DA:66,1
DA:70,1
DA:80,1
DA:81,3
DA:82,3
DA:84,1
DA:88,1
DA:98,1
DA:99,1
DA:100,1
DA:102,1
DA:106,1
DA:116,1
DA:117,0
DA:118,0
DA:120,1
DA:124,1
DA:134,1
DA:135,4
DA:136,4
DA:138,1
DA:143,1
DA:153,1
DA:154,4
DA:155,4
DA:157,1
DA:161,1
DA:170,1
DA:171,2
DA:172,2
DA:174,1
DA:178,1
DA:188,1
DA:189,2
DA:190,2
DA:192,1
DA:196,1
DA:205,1
DA:206,1
DA:207,1
DA:209,1
DA:213,1
DA:221,1
DA:222,1
DA:223,1
DA:225,1
DA:229,1
DA:238,1
DA:239,0
DA:240,0
DA:243,1
DA:247,1
DA:254,1
LF:66
LH:62
BRDA:28,1,0,5
BRDA:28,1,1,5
BRDA:46,2,0,3
BRDA:46,2,1,3
BRDA:64,3,0,1
BRDA:64,3,1,1
BRDA:82,4,0,3
BRDA:82,4,1,3
BRDA:100,5,0,1
BRDA:100,5,1,1
BRDA:118,6,0,0
BRDA:118,6,1,0
BRDA:136,7,0,4
BRDA:136,7,1,4
BRDA:155,8,0,4
BRDA:155,8,1,4
BRDA:172,9,0,2
BRDA:172,9,1,2
BRDA:190,10,0,2
BRDA:190,10,1,2
BRDA:207,11,0,1
BRDA:207,11,1,1
BRDA:223,12,0,1
BRDA:223,12,1,1
BRDA:240,13,0,0
BRDA:240,13,1,0
BRF:26
BRH:22
end_of_record
TN:
SF:/Kamlesh/Projects/CodeProjects/ionic/HOSampleService/error/error.js
FN:29,response
FNF:1
FNH:1
FNDA:9,response
DA:18,1
DA:29,1
DA:30,9
DA:32,1
DA:34,9
DA:35,1
DA:37,8
DA:38,1
DA:40,7
DA:41,1
DA:43,6
DA:44,1
DA:46,5
DA:47,1
DA:49,4
DA:50,1
DA:53,3
LF:17
LH:17
BRDA:30,1,0,1
BRDA:30,1,1,8
BRDA:30,2,0,9
BRDA:30,2,1,7
BRDA:34,3,0,1
BRDA:34,3,1,8
BRDA:37,4,0,1
BRDA:37,4,1,7
BRDA:40,5,0,1
BRDA:40,5,1,6
BRDA:43,6,0,1
BRDA:43,6,1,5
BRDA:46,7,0,1
BRDA:46,7,1,4
BRDA:49,8,0,1
BRDA:49,8,1,3
BRF:16
BRH:16
end_of_record
TN:
SF:/Kamlesh/Projects/CodeProjects/ionic/HOSampleService/schema/todo.js
FNF:0
FNH:0
DA:13,1
DA:14,1
DA:15,1
DA:22,1
DA:40,1
DA:43,1
DA:50,1
LF:7
LH:7
BRF:0
BRH:0
end_of_record
TN:
SF:/Kamlesh/Projects/CodeProjects/ionic/HOSampleService/schema/user.js
FNF:0
FNH:0
DA:13,1
DA:14,1
DA:15,1
DA:22,1
DA:38,1
DA:41,1
DA:48,1
LF:7
LH:7
BRF:0
BRH:0
end_of_record
TN:
SF:/Kamlesh/Projects/CodeProjects/ionic/HOSampleService/success/success.js
FN:28,successHandler
FNF:1
FNH:1
FNDA:3,successHandler
DA:18,1
DA:28,1
DA:29,3
DA:30,1
DA:34,2
DA:36,1
DA:39,1
LF:7
LH:7
BRDA:29,1,0,1
BRDA:29,1,1,2
BRDA:29,2,0,3
BRDA:29,2,1,3
BRDA:34,3,0,1
BRDA:34,3,1,1
BRDA:34,4,0,2
BRDA:34,4,1,2
BRDA:34,4,2,2
BRF:9
BRH:9
end_of_record
TN:
SF:/Kamlesh/Projects/CodeProjects/ionic/HOSampleService/users/user-controller.js
FN:27,UserController
FN:38,(anonymous_2)
FN:56,(anonymous_3)
FN:64,(anonymous_4)
FN:85,(anonymous_5)
FN:91,(anonymous_6)
FN:102,(anonymous_7)
FN:120,(anonymous_8)
FN:122,(anonymous_9)
FN:138,(anonymous_10)
FN:147,(anonymous_11)
FN:163,(anonymous_12)
FN:173,(anonymous_13)
FNF:13
FNH:13
FNDA:1,UserController
FNDA:5,(anonymous_2)
FNDA:3,(anonymous_3)
FNDA:2,(anonymous_4)
FNDA:5,(anonymous_5)
FNDA:3,(anonymous_6)
FNDA:2,(anonymous_7)
FNDA:2,(anonymous_8)
FNDA:2,(anonymous_9)
FNDA:2,(anonymous_10)
FNDA:2,(anonymous_11)
FNDA:3,(anonymous_12)
FNDA:3,(anonymous_13)
DA:15,1
DA:16,1
DA:17,1
DA:18,1
DA:19,1
DA:27,1
DA:38,1
DA:39,5
DA:41,5
DA:42,2
DA:45,3
DA:47,3
DA:48,3
DA:49,3
DA:50,3
DA:51,3
DA:52,3
DA:53,3
DA:54,3
DA:56,3
DA:61,3
DA:62,1
DA:64,2
DA:65,2
DA:66,1
DA:68,1
DA:69,1
DA:85,1
DA:86,5
DA:87,2
DA:90,3
DA:91,3
DA:93,3
DA:94,1
DA:97,2
DA:99,2
DA:100,2
DA:102,2
DA:103,2
DA:104,1
DA:106,1
DA:107,1
DA:120,1
DA:121,2
DA:123,2
DA:124,1
DA:126,1
DA:127,1
DA:138,1
DA:140,2
DA:141,0
DA:144,2
DA:145,2
DA:148,2
DA:149,1
DA:151,1
DA:152,1
DA:163,1
DA:165,3
DA:166,0
DA:169,3
DA:170,3
DA:172,3
DA:174,3
DA:175,1
DA:177,2
DA:178,1
DA:180,1
DA:181,1
DA:190,1
LF:70
LH:68
BRDA:41,1,0,2
BRDA:41,1,1,3
BRDA:41,2,0,5
BRDA:41,2,1,4
BRDA:61,3,0,1
BRDA:61,3,1,2
BRDA:65,4,0,1
BRDA:65,4,1,1
BRDA:86,5,0,2
BRDA:86,5,1,3
BRDA:86,6,0,5
BRDA:86,6,1,3
BRDA:86,6,2,3
BRDA:93,7,0,1
BRDA:93,7,1,2
BRDA:103,8,0,1
BRDA:103,8,1,1
BRDA:123,9,0,1
BRDA:123,9,1,1
BRDA:140,10,0,0
BRDA:140,10,1,2
BRDA:148,11,0,1
BRDA:148,11,1,1
BRDA:165,12,0,0
BRDA:165,12,1,3
BRDA:174,13,0,1
BRDA:174,13,1,2
BRDA:177,14,0,1
BRDA:177,14,1,1
BRF:29
BRH:27
end_of_record
TN:
SF:/Kamlesh/Projects/CodeProjects/ionic/HOSampleService/users/user.js
FNF:0
FNH:0
DA:12,1
DA:14,1
LF:2
LH:2
BRF:0
BRH:0
end_of_record
TN:
SF:/Kamlesh/Projects/CodeProjects/ionic/HOSampleService/utils/constants.js
FNF:0
FNH:0
DA:16,1
DA:30,1
LF:2
LH:2
BRF:0
BRH:0
end_of_record
TN:
SF:/Kamlesh/Projects/CodeProjects/ionic/HOSampleService/users/user-service.js
FN:26,(anonymous_1)
FN:38,(anonymous_2)
FN:50,(anonymous_3)
FN:61,(anonymous_4)
FN:72,(anonymous_5)
FNF:5
FNH:5
FNDA:1,(anonymous_1)
FNDA:1,(anonymous_2)
FNDA:1,(anonymous_3)
FNDA:1,(anonymous_4)
FNDA:1,(anonymous_5)
DA:16,1
DA:26,1
DA:27,1
DA:38,1
DA:39,1
DA:50,1
DA:51,1
DA:61,1
DA:62,1
DA:72,1
DA:73,1
LF:11
LH:11
BRF:0
BRH:0
end_of_record
