TN:
SF:/Kamlesh/Projects/CodeProjects/kamyGIT/SampleService/auth/auth.js
FN:25,authenticated
FNF:1
FNH:1
FNDA:2,authenticated
DA:16,1
DA:25,1
DA:26,2
DA:27,1
DA:29,1
LF:5
LH:5
BRDA:26,1,0,1
BRDA:26,1,1,1
BRDA:26,2,0,2
BRDA:26,2,1,2
BRF:4
BRH:4
end_of_record
TN:
SF:/Kamlesh/Projects/CodeProjects/kamyGIT/SampleService/common-errors/common-error.js
FN:26,BadRequestError
FN:44,AuthError
FN:62,ForbiddenError
FN:80,NotFoundError
FN:98,ConflictError
FN:116,AdminError
FN:134,MissingRequiredAttributesError
FN:153,UserNotFoundError
FN:170,UserSaveError
FN:188,UserFetchError
FN:205,UserListError
FN:221,UserExistsError
FNF:12
FNH:11
FNDA:5,BadRequestError
FNDA:4,AuthError
FNDA:1,ForbiddenError
FNDA:3,NotFoundError
FNDA:1,ConflictError
FNDA:0,AdminError
FNDA:7,MissingRequiredAttributesError
FNDA:5,UserNotFoundError
FNDA:2,UserSaveError
FNDA:3,UserFetchError
FNDA:1,UserListError
FNDA:1,UserExistsError
DA:26,1
DA:27,5
DA:28,5
DA:30,1
DA:34,1
DA:44,1
DA:45,4
DA:46,4
DA:48,1
DA:52,1
DA:62,1
DA:63,1
DA:64,1
DA:66,1
DA:70,1
DA:80,1
DA:81,3
DA:82,3
DA:84,1
DA:88,1
DA:98,1
DA:99,1
DA:100,1
DA:102,1
DA:106,1
DA:116,1
DA:117,0
DA:118,0
DA:120,1
DA:124,1
DA:134,1
DA:135,7
DA:136,7
DA:138,1
DA:143,1
DA:153,1
DA:154,5
DA:155,5
DA:157,1
DA:161,1
DA:170,1
DA:171,2
DA:172,2
DA:174,1
DA:178,1
DA:188,1
DA:189,3
DA:190,3
DA:192,1
DA:196,1
DA:205,1
DA:206,1
DA:207,1
DA:209,1
DA:213,1
DA:221,1
DA:222,1
DA:223,1
DA:225,1
DA:229,1
DA:236,1
LF:61
LH:59
BRDA:28,1,0,5
BRDA:28,1,1,5
BRDA:46,2,0,4
BRDA:46,2,1,3
BRDA:64,3,0,1
BRDA:64,3,1,1
BRDA:82,4,0,3
BRDA:82,4,1,3
BRDA:100,5,0,1
BRDA:100,5,1,1
BRDA:118,6,0,0
BRDA:118,6,1,0
BRDA:136,7,0,7
BRDA:136,7,1,7
BRDA:155,8,0,5
BRDA:155,8,1,5
BRDA:172,9,0,2
BRDA:172,9,1,2
BRDA:190,10,0,3
BRDA:190,10,1,3
BRDA:207,11,0,1
BRDA:207,11,1,1
BRDA:223,12,0,1
BRDA:223,12,1,1
BRF:24
BRH:22
end_of_record
TN:
SF:/Kamlesh/Projects/CodeProjects/kamyGIT/SampleService/error/error.js
FN:29,response
FNF:1
FNH:1
FNDA:9,response
DA:18,1
DA:29,1
DA:30,9
DA:32,1
DA:34,9
DA:35,1
DA:37,8
DA:38,1
DA:40,7
DA:41,1
DA:43,6
DA:44,1
DA:46,5
DA:47,1
DA:49,4
DA:50,1
DA:53,3
LF:17
LH:17
BRDA:30,1,0,1
BRDA:30,1,1,8
BRDA:30,2,0,9
BRDA:30,2,1,7
BRDA:34,3,0,1
BRDA:34,3,1,8
BRDA:37,4,0,1
BRDA:37,4,1,7
BRDA:40,5,0,1
BRDA:40,5,1,6
BRDA:43,6,0,1
BRDA:43,6,1,5
BRDA:46,7,0,1
BRDA:46,7,1,4
BRDA:49,8,0,1
BRDA:49,8,1,3
BRF:16
BRH:16
end_of_record
TN:
SF:/Kamlesh/Projects/CodeProjects/kamyGIT/SampleService/schema/todo.js
FNF:0
FNH:0
DA:13,1
DA:14,1
DA:15,1
DA:22,1
DA:40,1
DA:43,1
DA:50,1
LF:7
LH:7
BRF:0
BRH:0
end_of_record
TN:
SF:/Kamlesh/Projects/CodeProjects/kamyGIT/SampleService/schema/user.js
FN:48,(anonymous_1)
FN:60,(anonymous_2)
FNF:2
FNH:2
FNDA:5,(anonymous_1)
FNDA:1,(anonymous_2)
DA:13,1
DA:14,1
DA:15,1
DA:16,1
DA:23,1
DA:40,1
DA:48,1
DA:49,5
DA:50,5
DA:60,1
DA:61,1
DA:67,1
DA:74,1
LF:13
LH:13
BRF:0
BRH:0
end_of_record
TN:
SF:/Kamlesh/Projects/CodeProjects/kamyGIT/SampleService/success/success.js
FN:28,successHandler
FNF:1
FNH:1
FNDA:3,successHandler
DA:18,1
DA:28,1
DA:29,3
DA:30,1
DA:34,2
DA:36,1
DA:39,1
LF:7
LH:7
BRDA:29,1,0,1
BRDA:29,1,1,2
BRDA:29,2,0,3
BRDA:29,2,1,3
BRDA:34,3,0,1
BRDA:34,3,1,1
BRDA:34,4,0,2
BRDA:34,4,1,2
BRDA:34,4,2,2
BRF:9
BRH:9
end_of_record
TN:
SF:/Kamlesh/Projects/CodeProjects/kamyGIT/SampleService/users/user-controller.js
FN:27,UserController
FN:38,(anonymous_2)
FN:57,(anonymous_3)
FN:65,(anonymous_4)
FN:86,(anonymous_5)
FN:92,(anonymous_6)
FN:103,(anonymous_7)
FN:121,(anonymous_8)
FN:123,(anonymous_9)
FN:139,(anonymous_10)
FN:148,(anonymous_11)
FN:164,(anonymous_12)
FN:174,(anonymous_13)
FN:195,(anonymous_14)
FN:203,(anonymous_15)
FN:231,(anonymous_16)
FN:244,(anonymous_17)
FNF:17
FNH:15
FNDA:1,UserController
FNDA:6,(anonymous_2)
FNDA:3,(anonymous_3)
FNDA:2,(anonymous_4)
FNDA:5,(anonymous_5)
FNDA:3,(anonymous_6)
FNDA:2,(anonymous_7)
FNDA:2,(anonymous_8)
FNDA:2,(anonymous_9)
FNDA:2,(anonymous_10)
FNDA:2,(anonymous_11)
FNDA:3,(anonymous_12)
FNDA:3,(anonymous_13)
FNDA:6,(anonymous_14)
FNDA:4,(anonymous_15)
FNDA:0,(anonymous_16)
FNDA:0,(anonymous_17)
DA:15,1
DA:16,1
DA:17,1
DA:18,1
DA:19,1
DA:27,1
DA:38,1
DA:39,6
DA:41,6
DA:42,3
DA:45,3
DA:47,3
DA:48,3
DA:49,3
DA:50,3
DA:51,3
DA:52,3
DA:53,3
DA:54,3
DA:55,3
DA:57,3
DA:62,3
DA:63,1
DA:65,2
DA:66,2
DA:67,1
DA:69,1
DA:70,1
DA:86,1
DA:87,5
DA:88,2
DA:91,3
DA:92,3
DA:94,3
DA:95,1
DA:98,2
DA:100,2
DA:101,2
DA:103,2
DA:104,2
DA:105,1
DA:107,1
DA:108,1
DA:121,1
DA:122,2
DA:124,2
DA:125,1
DA:127,1
DA:128,1
DA:139,1
DA:141,2
DA:142,0
DA:145,2
DA:146,2
DA:149,2
DA:150,1
DA:152,1
DA:153,1
DA:164,1
DA:166,3
DA:167,0
DA:170,3
DA:171,3
DA:173,3
DA:175,3
DA:176,1
DA:178,2
DA:179,1
DA:181,1
DA:182,1
DA:195,1
DA:196,6
DA:197,2
DA:200,4
DA:205,4
DA:206,1
DA:209,3
DA:210,1
DA:213,2
DA:214,1
DA:218,1
DA:219,1
DA:231,1
DA:233,0
DA:244,1
DA:246,0
DA:254,1
LF:87
LH:83
BRDA:41,1,0,3
BRDA:41,1,1,3
BRDA:41,2,0,6
BRDA:41,2,1,5
BRDA:41,2,2,4
BRDA:62,3,0,1
BRDA:62,3,1,2
BRDA:66,4,0,1
BRDA:66,4,1,1
BRDA:87,5,0,2
BRDA:87,5,1,3
BRDA:87,6,0,5
BRDA:87,6,1,3
BRDA:87,6,2,3
BRDA:94,7,0,1
BRDA:94,7,1,2
BRDA:104,8,0,1
BRDA:104,8,1,1
BRDA:124,9,0,1
BRDA:124,9,1,1
BRDA:141,10,0,0
BRDA:141,10,1,2
BRDA:149,11,0,1
BRDA:149,11,1,1
BRDA:166,12,0,0
BRDA:166,12,1,3
BRDA:175,13,0,1
BRDA:175,13,1,2
BRDA:178,14,0,1
BRDA:178,14,1,1
BRDA:196,15,0,2
BRDA:196,15,1,4
BRDA:196,16,0,6
BRDA:196,16,1,5
BRDA:205,17,0,1
BRDA:205,17,1,3
BRDA:209,18,0,1
BRDA:209,18,1,2
BRDA:213,19,0,1
BRDA:213,19,1,1
BRDA:213,20,0,2
BRDA:213,20,1,2
BRF:42
BRH:40
end_of_record
TN:
SF:/Kamlesh/Projects/CodeProjects/kamyGIT/SampleService/users/user.js
FNF:0
FNH:0
DA:12,1
DA:14,1
LF:2
LH:2
BRF:0
BRH:0
end_of_record
TN:
SF:/Kamlesh/Projects/CodeProjects/kamyGIT/SampleService/utils/constants.js
FNF:0
FNH:0
DA:16,1
DA:30,1
LF:2
LH:2
BRF:0
BRH:0
end_of_record
TN:
SF:/Kamlesh/Projects/CodeProjects/kamyGIT/SampleService/users/user-service.js
FN:26,(anonymous_1)
FN:38,(anonymous_2)
FN:50,(anonymous_3)
FN:61,(anonymous_4)
FN:72,(anonymous_5)
FN:83,(anonymous_6)
FN:93,(anonymous_7)
FN:103,(anonymous_8)
FNF:8
FNH:5
FNDA:1,(anonymous_1)
FNDA:1,(anonymous_2)
FNDA:1,(anonymous_3)
FNDA:1,(anonymous_4)
FNDA:1,(anonymous_5)
FNDA:0,(anonymous_6)
FNDA:0,(anonymous_7)
FNDA:0,(anonymous_8)
DA:16,1
DA:26,1
DA:27,1
DA:38,1
DA:39,1
DA:50,1
DA:51,1
DA:61,1
DA:62,1
DA:72,1
DA:73,1
DA:83,1
DA:84,0
DA:93,1
DA:94,0
DA:103,1
DA:104,0
LF:17
LH:14
BRF:0
BRH:0
end_of_record
